<?xml version="1.0" encoding="UTF-8"?>
<!-- Generated by org.testng.reporters.JUnitXMLReporter -->
<testsuite hostname="DESKTOP-TRU9B26" ignored="0" name="Default test(failed)(failed)" tests="1" failures="1" timestamp="2019-11-13T17:16:54 CST" time="0.17" errors="0">
  <testcase name="addZhouZhouSheng" time="0.0" classname="com.irongbei.AddZhouZhouSheng">
    <failure type="org.testng.TestNGException" message="
Parameter &amp;apos;zq&amp;apos; is required by @Test on method addZhouZhouSheng but has not been marked @Optional or defined
in E:\rongbeiproject\test-output\testng-failed.xml">
      <![CDATA[org.testng.TestNGException: 
Parameter 'zq' is required by @Test on method addZhouZhouSheng but has not been marked @Optional or defined
in E:\rongbeiproject\test-output\testng-failed.xml
at java.util.ArrayList.forEach(Unknown Source)
... Removed 26 stack frames]]>
    </failure>
  </testcase> <!-- addZhouZhouSheng -->
</testsuite> <!-- Default test(failed)(failed) -->
